Using pre-set license
Built from '2022.3/release' branch; Version is '2022.3.5f1 (9674261d40ee) revision 9860134'; Using compiler version '192829333'; Build Type 'Release'
OS: 'Windows 11  (10.0.22621) 64bit Professional' Language: 'de' Physical Memory: 32690 MB
BatchMode: 1, IsHumanControllingUs: 0, StartBugReporterOnCrash: 0, Is64bit: 1, IsPro: 1

COMMAND LINE ARGUMENTS:
C:\Program Files\Unity\Hub\Editor\2022.3.5f1\Editor\Unity.exe
-adb2
-batchMode
-noUpm
-name
AssetImportWorker1
-projectPath
D:/Hochschule/6Sem/Spieleprogrammierung/Project/SP_HS_Project
-logFile
Logs/AssetImportWorker1.log
-srvPort
63756
Successfully changed project path to: D:/Hochschule/6Sem/Spieleprogrammierung/Project/SP_HS_Project
D:/Hochschule/6Sem/Spieleprogrammierung/Project/SP_HS_Project
[UnityMemory] Configuration Parameters - Can be set up in boot.config
    "memorysetup-bucket-allocator-granularity=16"
    "memorysetup-bucket-allocator-bucket-count=8"
    "memorysetup-bucket-allocator-block-size=33554432"
    "memorysetup-bucket-allocator-block-count=8"
    "memorysetup-main-allocator-block-size=16777216"
    "memorysetup-thread-allocator-block-size=16777216"
    "memorysetup-gfx-main-allocator-block-size=16777216"
    "memorysetup-gfx-thread-allocator-block-size=16777216"
    "memorysetup-cache-allocator-block-size=4194304"
    "memorysetup-typetree-allocator-block-size=2097152"
    "memorysetup-profiler-bucket-allocator-granularity=16"
    "memorysetup-profiler-bucket-allocator-bucket-count=8"
    "memorysetup-profiler-bucket-allocator-block-size=33554432"
    "memorysetup-profiler-bucket-allocator-block-count=8"
    "memorysetup-profiler-allocator-block-size=16777216"
    "memorysetup-profiler-editor-allocator-block-size=1048576"
    "memorysetup-temp-allocator-size-main=16777216"
    "memorysetup-job-temp-allocator-block-size=2097152"
    "memorysetup-job-temp-allocator-block-size-background=1048576"
    "memorysetup-job-temp-allocator-reduction-small-platforms=262144"
    "memorysetup-allocator-temp-initial-block-size-main=262144"
    "memorysetup-allocator-temp-initial-block-size-worker=262144"
    "memorysetup-temp-allocator-size-background-worker=32768"
    "memorysetup-temp-allocator-size-job-worker=262144"
    "memorysetup-temp-allocator-size-preload-manager=33554432"
    "memorysetup-temp-allocator-size-nav-mesh-worker=65536"
    "memorysetup-temp-allocator-size-audio-worker=65536"
    "memorysetup-temp-allocator-size-cloud-worker=32768"
    "memorysetup-temp-allocator-size-gi-baking-worker=262144"
    "memorysetup-temp-allocator-size-gfx=262144"
Player connection [18312] Host "[IP] 192.168.178.91 [Port] 0 [Flags] 2 [Guid] 3635493334 [EditorId] 3635493334 [Version] 1048832 [Id] WindowsEditor(7,DESKTOP-BVO84SJ) [Debug] 1 [PackageName] WindowsEditor [ProjectName] Editor" joined multi-casting on [225.0.0.222:54997]...

Player connection [18312] Host "[IP] 192.168.178.91 [Port] 0 [Flags] 2 [Guid] 3635493334 [EditorId] 3635493334 [Version] 1048832 [Id] WindowsEditor(7,DESKTOP-BVO84SJ) [Debug] 1 [PackageName] WindowsEditor [ProjectName] Editor" joined alternative multi-casting on [225.0.0.222:34997]...

Refreshing native plugins compatible for Editor in 3.98 ms, found 3 plugins.
Preloading 0 native plugins for Editor in 0.00 ms.
Initialize engine version: 2022.3.5f1 (9674261d40ee)
[Subsystems] Discovering subsystems at path C:/Program Files/Unity/Hub/Editor/2022.3.5f1/Editor/Data/Resources/UnitySubsystems
[Subsystems] Discovering subsystems at path D:/Hochschule/6Sem/Spieleprogrammierung/Project/SP_HS_Project/Assets
GfxDevice: creating device client; threaded=0; jobified=0
Direct3D:
    Version:  Direct3D 11.0 [level 11.1]
    Renderer: NVIDIA GeForce RTX 3060 Ti (ID=0x2489)
    Vendor:   NVIDIA
    VRAM:     8038 MB
    Driver:   31.0.15.3640
Initialize mono
Mono path[0] = 'C:/Program Files/Unity/Hub/Editor/2022.3.5f1/Editor/Data/Managed'
Mono path[1] = 'C:/Program Files/Unity/Hub/Editor/2022.3.5f1/Editor/Data/MonoBleedingEdge/lib/mono/unityjit-win32'
Mono config path = 'C:/Program Files/Unity/Hub/Editor/2022.3.5f1/Editor/Data/MonoBleedingEdge/etc'
Using monoOptions --debugger-agent=transport=dt_socket,embedding=1,server=y,suspend=n,address=127.0.0.1:56080
Begin MonoManager ReloadAssembly
Registering precompiled unity dll's ...
Register platform support module: C:/Program Files/Unity/Hub/Editor/2022.3.5f1/Editor/Data/PlaybackEngines/WindowsStandaloneSupport/UnityEditor.WindowsStandalone.Extensions.dll
Registered in 0.004748 seconds.
- Loaded All Assemblies, in  0.233 seconds
Native extension for WindowsStandalone target not found
Mono: successfully reloaded assembly
- Finished resetting the current domain, in  0.200 seconds
Domain Reload Profiling: 432ms
	BeginReloadAssembly (61ms)
		ExecutionOrderSort (0ms)
		DisableScriptedObjects (0ms)
		BackupInstance (0ms)
		ReleaseScriptingObjects (0ms)
		CreateAndSetChildDomain (1ms)
	RebuildCommonClasses (25ms)
	RebuildNativeTypeToScriptingClass (8ms)
	initialDomainReloadingComplete (43ms)
	LoadAllAssembliesAndSetupDomain (95ms)
		LoadAssemblies (59ms)
		RebuildTransferFunctionScriptingTraits (0ms)
		AnalyzeDomain (90ms)
			TypeCache.Refresh (89ms)
				TypeCache.ScanAssembly (81ms)
			ScanForSourceGeneratedMonoScriptInfo (0ms)
			ResolveRequiredComponents (0ms)
	FinalizeReload (200ms)
		ReleaseScriptCaches (0ms)
		RebuildScriptCaches (0ms)
		SetupLoadedEditorAssemblies (157ms)
			LogAssemblyErrors (0ms)
			InitializePlatformSupportModulesInManaged (7ms)
			SetLoadedEditorAssemblies (6ms)
			RefreshPlugins (0ms)
			BeforeProcessingInitializeOnLoad (2ms)
			ProcessInitializeOnLoadAttributes (107ms)
			ProcessInitializeOnLoadMethodAttributes (36ms)
			AfterProcessingInitializeOnLoad (0ms)
			EditorAssembliesLoaded (0ms)
		ExecutionOrderSort2 (0ms)
		AwakeInstancesAfterBackupRestoration (0ms)
========================================================================
Worker process is ready to serve import requests
Begin MonoManager ReloadAssembly
Symbol file LoadedFromMemory doesn't match image D:\Hochschule\6Sem\Spieleprogrammierung\Project\SP_HS_Project\Library\PackageCache\com.unity.visualscripting@1.8.0\Editor\VisualScripting.Core\Dependencies\YamlDotNet\Unity.VisualScripting.YamlDotNet.dll
Symbol file LoadedFromMemory doesn't match image D:\Hochschule\6Sem\Spieleprogrammierung\Project\SP_HS_Project\Library\PackageCache\com.unity.visualscripting@1.8.0\Editor\VisualScripting.Core\Dependencies\DotNetZip\Unity.VisualScripting.IonicZip.dll
- Loaded All Assemblies, in  0.499 seconds
Refreshing native plugins compatible for Editor in 1.41 ms, found 3 plugins.
Native extension for WindowsStandalone target not found
Mono: successfully reloaded assembly
- Finished resetting the current domain, in  0.371 seconds
Domain Reload Profiling: 869ms
	BeginReloadAssembly (100ms)
		ExecutionOrderSort (0ms)
		DisableScriptedObjects (5ms)
		BackupInstance (0ms)
		ReleaseScriptingObjects (0ms)
		CreateAndSetChildDomain (20ms)
	RebuildCommonClasses (26ms)
	RebuildNativeTypeToScriptingClass (8ms)
	initialDomainReloadingComplete (32ms)
	LoadAllAssembliesAndSetupDomain (331ms)
		LoadAssemblies (165ms)
		RebuildTransferFunctionScriptingTraits (0ms)
		AnalyzeDomain (210ms)
			TypeCache.Refresh (198ms)
				TypeCache.ScanAssembly (188ms)
			ScanForSourceGeneratedMonoScriptInfo (10ms)
			ResolveRequiredComponents (2ms)
	FinalizeReload (371ms)
		ReleaseScriptCaches (0ms)
		RebuildScriptCaches (0ms)
		SetupLoadedEditorAssemblies (265ms)
			LogAssemblyErrors (0ms)
			InitializePlatformSupportModulesInManaged (4ms)
			SetLoadedEditorAssemblies (3ms)
			RefreshPlugins (0ms)
			BeforeProcessingInitializeOnLoad (46ms)
			ProcessInitializeOnLoadAttributes (192ms)
			ProcessInitializeOnLoadMethodAttributes (15ms)
			AfterProcessingInitializeOnLoad (5ms)
			EditorAssembliesLoaded (0ms)
		ExecutionOrderSort2 (0ms)
		AwakeInstancesAfterBackupRestoration (6ms)
Launched and connected shader compiler UnityShaderCompiler.exe after 0.03 seconds
Refreshing native plugins compatible for Editor in 2.15 ms, found 3 plugins.
Preloading 0 native plugins for Editor in 0.00 ms.
Unloading 3066 Unused Serialized files (Serialized files now loaded: 0)
Unloading 31 unused Assets / (56.7 KB). Loaded Objects now: 3530.
Memory consumption went from 117.0 MB to 116.9 MB.
Total: 2.623500 ms (FindLiveObjects: 0.207300 ms CreateObjectMapping: 0.068900 ms MarkObjects: 2.261700 ms  DeleteObjects: 0.084600 ms)

AssetImportParameters requested are different than current active one (requested -> active):
  custom:container-demuxer-ogg: 62fdf1f143b41e24485cea50d1cbac27 -> 
  custom:video-decoder-ogg-theora: a1e56fd34408186e4bbccfd4996cb3dc -> 
  custom:framework-win-MediaFoundation: 216162199b28c13a410421893ffa2e32 -> 
  custom:CustomObjectIndexerAttribute: 756ad292c208cfabdd7b50bc23989ffe -> 
  custom:container-demuxer-webm: 4f35f7cbe854078d1ac9338744f61a02 -> 
  custom:container-muxer-webm: aa71ff27fc2769a1b78a27578f13a17b -> 
  custom:video-decoder-webm-vp8: 9c59270c3fd7afecdb556c50c9e8de78 -> 
  custom:AudioImporter_EditorPlatform: d09bf68614088b80899f8185d706f6e7 -> 
  custom:video-encoder-webm-vp8: eb34c28f22e8b96e1ab97ce403110664 -> 
  custom:audio-decoder-ogg-vorbis: bf7c407c2cedff20999df2af8eb42d56 -> 
  custom:audio-encoder-webm-vorbis: bf7c407c2cedff20999df2af8eb42d56 -> 
========================================================================
Received Prepare
Refreshing native plugins compatible for Editor in 1.45 ms, found 3 plugins.
Preloading 0 native plugins for Editor in 0.00 ms.
Unloading 1 Unused Serialized files (Serialized files now loaded: 0)
Unloading 1 unused Assets / (3.0 KB). Loaded Objects now: 3530.
Memory consumption went from 68.8 MB to 68.8 MB.
Total: 2.691800 ms (FindLiveObjects: 0.207700 ms CreateObjectMapping: 0.108900 ms MarkObjects: 2.360400 ms  DeleteObjects: 0.014300 ms)

Prepare: number of updated asset objects reloaded= 0
AssetImportParameters requested are different than current active one (requested -> active):
  custom:container-demuxer-ogg: 62fdf1f143b41e24485cea50d1cbac27 -> 
  custom:video-decoder-ogg-theora: a1e56fd34408186e4bbccfd4996cb3dc -> 
  custom:framework-win-MediaFoundation: 216162199b28c13a410421893ffa2e32 -> 
  custom:CustomObjectIndexerAttribute: 756ad292c208cfabdd7b50bc23989ffe -> 
  custom:container-demuxer-webm: 4f35f7cbe854078d1ac9338744f61a02 -> 
  custom:container-muxer-webm: aa71ff27fc2769a1b78a27578f13a17b -> 
  custom:video-decoder-webm-vp8: 9c59270c3fd7afecdb556c50c9e8de78 -> 
  custom:SearchIndexIgnoredProperties: e643bd26f0fe6173181afceb89e7c659 -> 
  custom:AudioImporter_EditorPlatform: d09bf68614088b80899f8185d706f6e7 -> 
  custom:video-encoder-webm-vp8: eb34c28f22e8b96e1ab97ce403110664 -> 
  custom:audio-decoder-ogg-vorbis: bf7c407c2cedff20999df2af8eb42d56 -> 
  custom:audio-encoder-webm-vorbis: bf7c407c2cedff20999df2af8eb42d56 -> 
========================================================================
Received Prepare
Begin MonoManager ReloadAssembly
IOException: Sharing violation on path D:\Hochschule\6Sem\Spieleprogrammierung\Project\SP_HS_Project\ProjectSettings\Packages\com.unity.testtools.codecoverage\Settings.json
  at System.IO.FileStream..ctor (System.String path, System.IO.FileMode mode, System.IO.FileAccess access, System.IO.FileShare share, System.Int32 bufferSize, System.Boolean anonymous, System.IO.FileOptions options) [0x0019e] in <eef08f56e2e042f1b3027eca477293d9>:0 
  at System.IO.FileStream..ctor (System.String path, System.IO.FileMode mode, System.IO.FileAccess access, System.IO.FileShare share, System.Int32 bufferSize, System.IO.FileOptions options) [0x00000] in <eef08f56e2e042f1b3027eca477293d9>:0 
  at (wrapper remoting-invoke-with-check) System.IO.FileStream..ctor(string,System.IO.FileMode,System.IO.FileAccess,System.IO.FileShare,int,System.IO.FileOptions)
  at System.IO.StreamWriter..ctor (System.String path, System.Boolean append, System.Text.Encoding encoding, System.Int32 bufferSize) [0x00055] in <eef08f56e2e042f1b3027eca477293d9>:0 
  at System.IO.StreamWriter..ctor (System.String path) [0x00008] in <eef08f56e2e042f1b3027eca477293d9>:0 
  at (wrapper remoting-invoke-with-check) System.IO.StreamWriter..ctor(string)
  at System.IO.File.WriteAllText (System.String path, System.String contents) [0x00026] in <eef08f56e2e042f1b3027eca477293d9>:0 
  at UnityEditor.SettingsManagement.FileSettingsRepository.Save () [0x000e2] in .\Library\PackageCache\com.unity.settings-manager@2.0.1\Editor\FileSettingsRepository.cs:154 
  at UnityEditor.AssemblyReloadEvents.OnBeforeAssemblyReload () [0x00017] in <bf6080dbf0564cf1b405dfd6e0dac725>:0 

(Filename: ./Library/PackageCache/com.unity.settings-manager@2.0.1/Editor/FileSettingsRepository.cs Line: 154)

Symbol file LoadedFromMemory doesn't match image D:\Hochschule\6Sem\Spieleprogrammierung\Project\SP_HS_Project\Library\PackageCache\com.unity.visualscripting@1.8.0\Editor\VisualScripting.Core\Dependencies\YamlDotNet\Unity.VisualScripting.YamlDotNet.dll
Symbol file LoadedFromMemory doesn't match image D:\Hochschule\6Sem\Spieleprogrammierung\Project\SP_HS_Project\Library\PackageCache\com.unity.visualscripting@1.8.0\Editor\VisualScripting.Core\Dependencies\DotNetZip\Unity.VisualScripting.IonicZip.dll
- Loaded All Assemblies, in  0.708 seconds
Refreshing native plugins compatible for Editor in 1.49 ms, found 3 plugins.
Native extension for WindowsStandalone target not found
Mono: successfully reloaded assembly
- Finished resetting the current domain, in  0.671 seconds
Domain Reload Profiling: 1377ms
	BeginReloadAssembly (130ms)
		ExecutionOrderSort (0ms)
		DisableScriptedObjects (4ms)
		BackupInstance (0ms)
		ReleaseScriptingObjects (0ms)
		CreateAndSetChildDomain (33ms)
	RebuildCommonClasses (32ms)
	RebuildNativeTypeToScriptingClass (10ms)
	initialDomainReloadingComplete (25ms)
	LoadAllAssembliesAndSetupDomain (508ms)
		LoadAssemblies (230ms)
		RebuildTransferFunctionScriptingTraits (0ms)
		AnalyzeDomain (328ms)
			TypeCache.Refresh (323ms)
				TypeCache.ScanAssembly (311ms)
			ScanForSourceGeneratedMonoScriptInfo (2ms)
			ResolveRequiredComponents (3ms)
	FinalizeReload (672ms)
		ReleaseScriptCaches (0ms)
		RebuildScriptCaches (0ms)
		SetupLoadedEditorAssemblies (348ms)
			LogAssemblyErrors (0ms)
			InitializePlatformSupportModulesInManaged (4ms)
			SetLoadedEditorAssemblies (4ms)
			RefreshPlugins (0ms)
			BeforeProcessingInitializeOnLoad (54ms)
			ProcessInitializeOnLoadAttributes (268ms)
			ProcessInitializeOnLoadMethodAttributes (13ms)
			AfterProcessingInitializeOnLoad (5ms)
			EditorAssembliesLoaded (0ms)
		ExecutionOrderSort2 (0ms)
		AwakeInstancesAfterBackupRestoration (6ms)
Refreshing native plugins compatible for Editor in 1.33 ms, found 3 plugins.
Preloading 0 native plugins for Editor in 0.00 ms.
Unloading 3253 Unused Serialized files (Serialized files now loaded: 0)
Unloading 71 unused Assets / (3.8 MB). Loaded Objects now: 3690.
Memory consumption went from 132.9 MB to 129.1 MB.
Total: 3.703400 ms (FindLiveObjects: 0.217400 ms CreateObjectMapping: 0.153000 ms MarkObjects: 2.293300 ms  DeleteObjects: 1.038800 ms)

Prepare: number of updated asset objects reloaded= 0
AssetImportParameters requested are different than current active one (requested -> active):
  custom:container-demuxer-ogg: 62fdf1f143b41e24485cea50d1cbac27 -> 
  custom:video-decoder-ogg-theora: a1e56fd34408186e4bbccfd4996cb3dc -> 
  custom:framework-win-MediaFoundation: 216162199b28c13a410421893ffa2e32 -> 
  custom:CustomObjectIndexerAttribute: 756ad292c208cfabdd7b50bc23989ffe -> 
  custom:container-demuxer-webm: 4f35f7cbe854078d1ac9338744f61a02 -> 
  custom:container-muxer-webm: aa71ff27fc2769a1b78a27578f13a17b -> 
  custom:video-decoder-webm-vp8: 9c59270c3fd7afecdb556c50c9e8de78 -> 
  custom:SearchIndexIgnoredProperties: e643bd26f0fe6173181afceb89e7c659 -> 
  custom:AudioImporter_EditorPlatform: d09bf68614088b80899f8185d706f6e7 -> 
  custom:video-encoder-webm-vp8: eb34c28f22e8b96e1ab97ce403110664 -> 
  custom:audio-decoder-ogg-vorbis: bf7c407c2cedff20999df2af8eb42d56 -> 
  custom:audio-encoder-webm-vorbis: bf7c407c2cedff20999df2af8eb42d56 -> 
========================================================================
Received Import Request.
  Time since last request: 769332.578875 seconds.
  path: Assets/Terrain/Terrain_0_0_020311ba-b1a4-4250-900e-b13f84bbdeaf.asset
  artifactKey: Guid(24b38cdda44870c449525e9e8fbff7f8) Importer(815301076,1909f56bfc062723c751e8b465ee728b)
Start importing Assets/Terrain/Terrain_0_0_020311ba-b1a4-4250-900e-b13f84bbdeaf.asset using Guid(24b38cdda44870c449525e9e8fbff7f8) Importer(815301076,1909f56bfc062723c751e8b465ee728b)  -> (artifact id: 'fcb0e3cb491214914dc8afc44da0911d') in 0.018281 seconds
Number of updated asset objects reloaded before import = 0
Number of asset objects unloaded after import = 1
========================================================================
Received Import Request.
  Time since last request: 0.009364 seconds.
  path: Assets/Terrain/Terrain_0_0_fc45b3e0-c757-4760-a337-9810d05b35fb.asset
  artifactKey: Guid(ec9e7b163aba8714aa4e9fa96eb88306) Importer(815301076,1909f56bfc062723c751e8b465ee728b)
Start importing Assets/Terrain/Terrain_0_0_fc45b3e0-c757-4760-a337-9810d05b35fb.asset using Guid(ec9e7b163aba8714aa4e9fa96eb88306) Importer(815301076,1909f56bfc062723c751e8b465ee728b)  -> (artifact id: 'e6e871db229d8fdbb0a97a8296109d08') in 0.004011 seconds
Number of updated asset objects reloaded before import = 0
Number of asset objects unloaded after import = 1
========================================================================
Received Import Request.
  Time since last request: 0.002991 seconds.
  path: Assets/Terrain/Terrain_0_2_829848f9-772f-42a7-b0da-67ab461112c7.asset
  artifactKey: Guid(0d6c58c142bb5b34f9982ea55e2de571) Importer(815301076,1909f56bfc062723c751e8b465ee728b)
Start importing Assets/Terrain/Terrain_0_2_829848f9-772f-42a7-b0da-67ab461112c7.asset using Guid(0d6c58c142bb5b34f9982ea55e2de571) Importer(815301076,1909f56bfc062723c751e8b465ee728b)  -> (artifact id: 'b6750157ce81e02fbf3fe92e0087e239') in 0.004127 seconds
Number of updated asset objects reloaded before import = 0
Number of asset objects unloaded after import = 1
========================================================================
Received Import Request.
  Time since last request: 0.002721 seconds.
  path: Assets/Terrain/Terrain_0_5_77937a0a-5794-4a6d-8722-bfe725c77345.asset
  artifactKey: Guid(de95a9ceb96df6e44b0303502f7c5973) Importer(815301076,1909f56bfc062723c751e8b465ee728b)
Start importing Assets/Terrain/Terrain_0_5_77937a0a-5794-4a6d-8722-bfe725c77345.asset using Guid(de95a9ceb96df6e44b0303502f7c5973) Importer(815301076,1909f56bfc062723c751e8b465ee728b)  -> (artifact id: '32a2844af1093d848b371376b9dd6c1b') in 0.004590 seconds
Number of updated asset objects reloaded before import = 0
Number of asset objects unloaded after import = 1
========================================================================
Received Import Request.
  Time since last request: 0.003113 seconds.
  path: Assets/Terrain/Terrain_0_7_78d64993-b25a-464c-af56-4fb87ae53f10.asset
  artifactKey: Guid(1e4a0d036c6cf3a48bef62c134fbaa2d) Importer(815301076,1909f56bfc062723c751e8b465ee728b)
Start importing Assets/Terrain/Terrain_0_7_78d64993-b25a-464c-af56-4fb87ae53f10.asset using Guid(1e4a0d036c6cf3a48bef62c134fbaa2d) Importer(815301076,1909f56bfc062723c751e8b465ee728b)  -> (artifact id: 'a7713e0237f017bd7788924e4689bf8c') in 0.004931 seconds
Number of updated asset objects reloaded before import = 0
Number of asset objects unloaded after import = 1
========================================================================
Received Import Request.
  Time since last request: 0.000014 seconds.
  path: Assets/Terrain/Terrain_2_2_b78621e9-c995-4efd-a7bc-ab1f364c366c.asset
  artifactKey: Guid(792c2e87b49fe804aa379bcd96806e35) Importer(815301076,1909f56bfc062723c751e8b465ee728b)
Start importing Assets/Terrain/Terrain_2_2_b78621e9-c995-4efd-a7bc-ab1f364c366c.asset using Guid(792c2e87b49fe804aa379bcd96806e35) Importer(815301076,1909f56bfc062723c751e8b465ee728b)  -> (artifact id: 'e790e172bee15174887fd5337b7ad607') in 0.004170 seconds
Number of updated asset objects reloaded before import = 0
Number of asset objects unloaded after import = 1
========================================================================
Received Import Request.
  Time since last request: 0.000014 seconds.
  path: Assets/Terrain/Terrain_1_11_8d8a9c1f-325b-4d3a-8abb-db1604c4634e.asset
  artifactKey: Guid(9fed64216c69e324db3ad144aff21be4) Importer(815301076,1909f56bfc062723c751e8b465ee728b)
Start importing Assets/Terrain/Terrain_1_11_8d8a9c1f-325b-4d3a-8abb-db1604c4634e.asset using Guid(9fed64216c69e324db3ad144aff21be4) Importer(815301076,1909f56bfc062723c751e8b465ee728b)  -> (artifact id: '6784afa28f3c9ab75cc5e0419c39b74f') in 0.003508 seconds
Number of updated asset objects reloaded before import = 0
Number of asset objects unloaded after import = 1
========================================================================
Received Import Request.
  Time since last request: 0.000008 seconds.
  path: Assets/Terrain/Terrain_3_11_d29710e8-26c7-48a1-b5d6-ce73a2f2b117.asset
  artifactKey: Guid(0f80b917807d0384c8c2b32793deca42) Importer(815301076,1909f56bfc062723c751e8b465ee728b)
Start importing Assets/Terrain/Terrain_3_11_d29710e8-26c7-48a1-b5d6-ce73a2f2b117.asset using Guid(0f80b917807d0384c8c2b32793deca42) Importer(815301076,1909f56bfc062723c751e8b465ee728b)  -> (artifact id: '71135df472be8e07233fb6d7783e29b2') in 0.004130 seconds
Number of updated asset objects reloaded before import = 0
Number of asset objects unloaded after import = 1
========================================================================
Received Import Request.
  Time since last request: 0.000012 seconds.
  path: Assets/Terrain/Terrain_3_13_c0d9e01b-5776-40e0-a1eb-a441d5ddaf4d.asset
  artifactKey: Guid(d244f8c80e388f748a9e55f36b15a6d3) Importer(815301076,1909f56bfc062723c751e8b465ee728b)
Start importing Assets/Terrain/Terrain_3_13_c0d9e01b-5776-40e0-a1eb-a441d5ddaf4d.asset using Guid(d244f8c80e388f748a9e55f36b15a6d3) Importer(815301076,1909f56bfc062723c751e8b465ee728b)  -> (artifact id: 'd852a6d957705abea18376a9e2fea884') in 0.003654 seconds
Number of updated asset objects reloaded before import = 0
Number of asset objects unloaded after import = 1
========================================================================
Received Import Request.
  Time since last request: 0.000009 seconds.
  path: Assets/Terrain/Terrain_1_10_916ddaaa-5b2c-40dc-bc27-cf7eb37cbdfc.asset
  artifactKey: Guid(37ed7b55fe5d2724081ee92f4fe28638) Importer(815301076,1909f56bfc062723c751e8b465ee728b)
Start importing Assets/Terrain/Terrain_1_10_916ddaaa-5b2c-40dc-bc27-cf7eb37cbdfc.asset using Guid(37ed7b55fe5d2724081ee92f4fe28638) Importer(815301076,1909f56bfc062723c751e8b465ee728b)  -> (artifact id: 'ae3d7f84088af19b7c6294dddf6bd5fd') in 0.003156 seconds
Number of updated asset objects reloaded before import = 0
Number of asset objects unloaded after import = 1
========================================================================
Received Import Request.
  Time since last request: 0.000008 seconds.
  path: Assets/Terrain/Terrain_2_5_e1d4dc85-ca42-4451-8f5b-68b79238dd23.asset
  artifactKey: Guid(297f6c33c0484ca4aa984c451fc95bbf) Importer(815301076,1909f56bfc062723c751e8b465ee728b)
Start importing Assets/Terrain/Terrain_2_5_e1d4dc85-ca42-4451-8f5b-68b79238dd23.asset using Guid(297f6c33c0484ca4aa984c451fc95bbf) Importer(815301076,1909f56bfc062723c751e8b465ee728b)  -> (artifact id: 'e8ebfef8008ddfa5ac83e51c5c8267ff') in 0.003709 seconds
Number of updated asset objects reloaded before import = 0
Number of asset objects unloaded after import = 1
========================================================================
Received Import Request.
  Time since last request: 0.000011 seconds.
  path: Assets/Terrain/Terrain_1_7_524dab60-0956-4896-bd92-550ad2fa9cdc.asset
  artifactKey: Guid(a8522b0b48f833243abef724b5b5c638) Importer(815301076,1909f56bfc062723c751e8b465ee728b)
Start importing Assets/Terrain/Terrain_1_7_524dab60-0956-4896-bd92-550ad2fa9cdc.asset using Guid(a8522b0b48f833243abef724b5b5c638) Importer(815301076,1909f56bfc062723c751e8b465ee728b)  -> (artifact id: '83ed7bf3745e2cb1550fbd2ca1798b45') in 0.003634 seconds
Number of updated asset objects reloaded before import = 0
Number of asset objects unloaded after import = 1
========================================================================
Received Import Request.
  Time since last request: 0.000011 seconds.
  path: Assets/Terrain/Terrain_4_1_cf6d2f44-3b84-45b8-a1e4-ae7a23a24db7.asset
  artifactKey: Guid(cb437ada1e688e243a9a35cc65e0ed16) Importer(815301076,1909f56bfc062723c751e8b465ee728b)
Start importing Assets/Terrain/Terrain_4_1_cf6d2f44-3b84-45b8-a1e4-ae7a23a24db7.asset using Guid(cb437ada1e688e243a9a35cc65e0ed16) Importer(815301076,1909f56bfc062723c751e8b465ee728b)  -> (artifact id: '38e4593d8f3f4ea316146877e4332d93') in 0.003402 seconds
Number of updated asset objects reloaded before import = 0
Number of asset objects unloaded after import = 1
========================================================================
Received Import Request.
  Time since last request: 0.000010 seconds.
  path: Assets/Terrain/Terrain_1_0_957b50be-5700-4209-bcf8-145cf560acd4.asset
  artifactKey: Guid(98a226fedf536b6428030890825629b4) Importer(815301076,1909f56bfc062723c751e8b465ee728b)
Start importing Assets/Terrain/Terrain_1_0_957b50be-5700-4209-bcf8-145cf560acd4.asset using Guid(98a226fedf536b6428030890825629b4) Importer(815301076,1909f56bfc062723c751e8b465ee728b)  -> (artifact id: 'f99a8c8b95f29e47dc69c7104a340b27') in 0.003610 seconds
Number of updated asset objects reloaded before import = 0
Number of asset objects unloaded after import = 1
========================================================================
Received Import Request.
  Time since last request: 0.000013 seconds.
  path: Assets/Terrain/Terrain_3_7_8f801cac-297c-45d2-9eb8-69342562f9a1.asset
  artifactKey: Guid(d16a450ee72df2a409e3a88005fd49c1) Importer(815301076,1909f56bfc062723c751e8b465ee728b)
Start importing Assets/Terrain/Terrain_3_7_8f801cac-297c-45d2-9eb8-69342562f9a1.asset using Guid(d16a450ee72df2a409e3a88005fd49c1) Importer(815301076,1909f56bfc062723c751e8b465ee728b)  -> (artifact id: 'a749bd5550e5c30bae5083e7d46274e2') in 0.003643 seconds
Number of updated asset objects reloaded before import = 0
Number of asset objects unloaded after import = 1
========================================================================
Received Import Request.
  Time since last request: 0.000012 seconds.
  path: Assets/Terrain/Terrain_0_13_076fabb3-9749-4021-a160-b477c31c2eea.asset
  artifactKey: Guid(cccf5b5893000d74f90098cc19c14e7c) Importer(815301076,1909f56bfc062723c751e8b465ee728b)
Start importing Assets/Terrain/Terrain_0_13_076fabb3-9749-4021-a160-b477c31c2eea.asset using Guid(cccf5b5893000d74f90098cc19c14e7c) Importer(815301076,1909f56bfc062723c751e8b465ee728b)  -> (artifact id: '5299161272fd175fe3bf1f67de613385') in 0.003605 seconds
Number of updated asset objects reloaded before import = 0
Number of asset objects unloaded after import = 1
========================================================================
Received Import Request.
  Time since last request: 0.000010 seconds.
  path: Assets/Terrain/Terrain_0_10_636ace02-d580-4f9d-8337-97bc9ce9a44c.asset
  artifactKey: Guid(3541d3d009eecdd49abce0ec42a4bf72) Importer(815301076,1909f56bfc062723c751e8b465ee728b)
Start importing Assets/Terrain/Terrain_0_10_636ace02-d580-4f9d-8337-97bc9ce9a44c.asset using Guid(3541d3d009eecdd49abce0ec42a4bf72) Importer(815301076,1909f56bfc062723c751e8b465ee728b)  -> (artifact id: '6b7ec7e1f8cd1cb181d24e76241c1b40') in 0.003556 seconds
Number of updated asset objects reloaded before import = 0
Number of asset objects unloaded after import = 1
========================================================================
Received Import Request.
  Time since last request: 0.000010 seconds.
  path: Assets/Terrain/Terrain_2_7_18763ea1-a72d-46fb-a316-3be81107239c.asset
  artifactKey: Guid(6ee58aa311607b4469c4a2534a35f415) Importer(815301076,1909f56bfc062723c751e8b465ee728b)
Start importing Assets/Terrain/Terrain_2_7_18763ea1-a72d-46fb-a316-3be81107239c.asset using Guid(6ee58aa311607b4469c4a2534a35f415) Importer(815301076,1909f56bfc062723c751e8b465ee728b)  -> (artifact id: '1ea341aa83c2bf0a0c868f9ad6a16341') in 0.003945 seconds
Number of updated asset objects reloaded before import = 0
Number of asset objects unloaded after import = 1
========================================================================
Received Import Request.
  Time since last request: 0.000011 seconds.
  path: Assets/Terrain/Terrain_2_12_498f1df8-87e6-410d-b6d6-2743137d4e01.asset
  artifactKey: Guid(f46755b4176f2ed41afb0459bf84ad4a) Importer(815301076,1909f56bfc062723c751e8b465ee728b)
Start importing Assets/Terrain/Terrain_2_12_498f1df8-87e6-410d-b6d6-2743137d4e01.asset using Guid(f46755b4176f2ed41afb0459bf84ad4a) Importer(815301076,1909f56bfc062723c751e8b465ee728b)  -> (artifact id: 'ed6296edde1c0e3f532b11230a4591e5') in 0.003327 seconds
Number of updated asset objects reloaded before import = 0
Number of asset objects unloaded after import = 1
========================================================================
Received Import Request.
  Time since last request: 0.000010 seconds.
  path: Assets/Terrain/Terrain_1_3_ac9e51f1-d38e-41a7-8e24-997bfe97463b.asset
  artifactKey: Guid(755d769d494b5694784b2994c1f768d2) Importer(815301076,1909f56bfc062723c751e8b465ee728b)
Start importing Assets/Terrain/Terrain_1_3_ac9e51f1-d38e-41a7-8e24-997bfe97463b.asset using Guid(755d769d494b5694784b2994c1f768d2) Importer(815301076,1909f56bfc062723c751e8b465ee728b)  -> (artifact id: '3652f60fa47ea264320c4dbbf8db4ec6') in 0.003209 seconds
Number of updated asset objects reloaded before import = 0
Number of asset objects unloaded after import = 1
========================================================================
Received Import Request.
  Time since last request: 0.000008 seconds.
  path: Assets/Terrain/Terrain_4_6_24297746-fdf3-4291-a7eb-a87708e111c8.asset
  artifactKey: Guid(b6662fb61ccf34a44afab027df0a0ffe) Importer(815301076,1909f56bfc062723c751e8b465ee728b)
Start importing Assets/Terrain/Terrain_4_6_24297746-fdf3-4291-a7eb-a87708e111c8.asset using Guid(b6662fb61ccf34a44afab027df0a0ffe) Importer(815301076,1909f56bfc062723c751e8b465ee728b)  -> (artifact id: 'f5b9cbae5a2ad021183426b850d2ee14') in 0.004163 seconds
Number of updated asset objects reloaded before import = 0
Number of asset objects unloaded after import = 1
========================================================================
Received Import Request.
  Time since last request: 0.000009 seconds.
  path: Assets/Terrain/Terrain_2_4_dea5e087-87c3-4d5a-99c9-92f06851d2a0.asset
  artifactKey: Guid(85ca2fb5616f1ab48b0ba839806087cd) Importer(815301076,1909f56bfc062723c751e8b465ee728b)
Start importing Assets/Terrain/Terrain_2_4_dea5e087-87c3-4d5a-99c9-92f06851d2a0.asset using Guid(85ca2fb5616f1ab48b0ba839806087cd) Importer(815301076,1909f56bfc062723c751e8b465ee728b)  -> (artifact id: '7ce8fa4116de2a30f7c2b1f94b243af9') in 0.003386 seconds
Number of updated asset objects reloaded before import = 0
Number of asset objects unloaded after import = 1
========================================================================
Received Import Request.
  Time since last request: 0.000111 seconds.
  path: Assets/Terrain/Terrain_3_14_db17dd0f-f3bf-438d-a6cd-cad7752a1fc9.asset
  artifactKey: Guid(3500adfd271606d4b906b681987c9ebf) Importer(815301076,1909f56bfc062723c751e8b465ee728b)
Start importing Assets/Terrain/Terrain_3_14_db17dd0f-f3bf-438d-a6cd-cad7752a1fc9.asset using Guid(3500adfd271606d4b906b681987c9ebf) Importer(815301076,1909f56bfc062723c751e8b465ee728b)  -> (artifact id: 'be7daee6c28b46b28a74e69c4be8e53c') in 0.003659 seconds
Number of updated asset objects reloaded before import = 0
Number of asset objects unloaded after import = 1
========================================================================
Received Import Request.
  Time since last request: 0.000011 seconds.
  path: Assets/Terrain/Terrain_2_6_4a353352-18d3-439c-8363-13533702855c.asset
  artifactKey: Guid(af5725c12c7aee74ea241e22a511d831) Importer(815301076,1909f56bfc062723c751e8b465ee728b)
Start importing Assets/Terrain/Terrain_2_6_4a353352-18d3-439c-8363-13533702855c.asset using Guid(af5725c12c7aee74ea241e22a511d831) Importer(815301076,1909f56bfc062723c751e8b465ee728b)  -> (artifact id: 'd74ec7af85e763fb0bbf6100dc85986a') in 0.003114 seconds
Number of updated asset objects reloaded before import = 0
Number of asset objects unloaded after import = 1
========================================================================
Received Import Request.
  Time since last request: 0.000009 seconds.
  path: Assets/Terrain/Terrain_2_8_459b064c-2d75-47ef-adc7-4e227d91d79e.asset
  artifactKey: Guid(0097085f5c781574e973dd2a67a13a6d) Importer(815301076,1909f56bfc062723c751e8b465ee728b)
Start importing Assets/Terrain/Terrain_2_8_459b064c-2d75-47ef-adc7-4e227d91d79e.asset using Guid(0097085f5c781574e973dd2a67a13a6d) Importer(815301076,1909f56bfc062723c751e8b465ee728b)  -> (artifact id: '8b6f2064fc98f249b73abc0b32805da5') in 0.003256 seconds
Number of updated asset objects reloaded before import = 0
Number of asset objects unloaded after import = 1
========================================================================
Received Import Request.
  Time since last request: 0.000012 seconds.
  path: Assets/Terrain/Terrain_1_9_1842429e-a7f2-4fb6-b703-31309aed62ca.asset
  artifactKey: Guid(5c1c88e959b367a4e9924871cda9f02a) Importer(815301076,1909f56bfc062723c751e8b465ee728b)
Start importing Assets/Terrain/Terrain_1_9_1842429e-a7f2-4fb6-b703-31309aed62ca.asset using Guid(5c1c88e959b367a4e9924871cda9f02a) Importer(815301076,1909f56bfc062723c751e8b465ee728b)  -> (artifact id: '3bf0b2621e9b54da6acfad2bc33b3479') in 0.003242 seconds
Number of updated asset objects reloaded before import = 0
Number of asset objects unloaded after import = 1
========================================================================
Received Import Request.
  Time since last request: 0.000009 seconds.
  path: Assets/Terrain/Terrain_2_14_e0834afc-c072-4e42-88a5-d6070e81e183.asset
  artifactKey: Guid(a54191fff55c9c6488c4b4c0bded6413) Importer(815301076,1909f56bfc062723c751e8b465ee728b)
Start importing Assets/Terrain/Terrain_2_14_e0834afc-c072-4e42-88a5-d6070e81e183.asset using Guid(a54191fff55c9c6488c4b4c0bded6413) Importer(815301076,1909f56bfc062723c751e8b465ee728b)  -> (artifact id: '9fa2b92b6cb1f5cd38cccc3119b4e2fa') in 0.003091 seconds
Number of updated asset objects reloaded before import = 0
Number of asset objects unloaded after import = 1
========================================================================
Received Import Request.
  Time since last request: 0.000008 seconds.
  path: Assets/Terrain/Terrain_4_7_042f4253-2a02-4bea-b5ef-ffee6e56a763.asset
  artifactKey: Guid(37668c98889f3374b9d4efbdbaf5171c) Importer(815301076,1909f56bfc062723c751e8b465ee728b)
Start importing Assets/Terrain/Terrain_4_7_042f4253-2a02-4bea-b5ef-ffee6e56a763.asset using Guid(37668c98889f3374b9d4efbdbaf5171c) Importer(815301076,1909f56bfc062723c751e8b465ee728b)  -> (artifact id: 'e8667f1d12fa3e435da399ddb8a23882') in 0.003398 seconds
Number of updated asset objects reloaded before import = 0
Number of asset objects unloaded after import = 1
========================================================================
Received Import Request.
  Time since last request: 0.000010 seconds.
  path: Assets/Terrain/Terrain_2_1_6b10fb4c-bb38-473d-813d-219381c149cf.asset
  artifactKey: Guid(e14fe98e5e5e56d43b455c866aa501cc) Importer(815301076,1909f56bfc062723c751e8b465ee728b)
Start importing Assets/Terrain/Terrain_2_1_6b10fb4c-bb38-473d-813d-219381c149cf.asset using Guid(e14fe98e5e5e56d43b455c866aa501cc) Importer(815301076,1909f56bfc062723c751e8b465ee728b)  -> (artifact id: 'fe7af5bc4d3b3d645dc36277d0613b65') in 0.004492 seconds
Number of updated asset objects reloaded before import = 0
Number of asset objects unloaded after import = 1
========================================================================
Received Import Request.
  Time since last request: 0.000012 seconds.
  path: Assets/Terrain/Terrain_1_4_9f846d71-f1a3-4635-bef3-14d1a556f1d5.asset
  artifactKey: Guid(f94ec75298feae54b90a3ccc5b39e283) Importer(815301076,1909f56bfc062723c751e8b465ee728b)
Start importing Assets/Terrain/Terrain_1_4_9f846d71-f1a3-4635-bef3-14d1a556f1d5.asset using Guid(f94ec75298feae54b90a3ccc5b39e283) Importer(815301076,1909f56bfc062723c751e8b465ee728b)  -> (artifact id: 'b03dc0f99cd828a757594fd2e6ec84bb') in 0.003436 seconds
Number of updated asset objects reloaded before import = 0
Number of asset objects unloaded after import = 1
========================================================================
Received Import Request.
  Time since last request: 0.000011 seconds.
  path: Assets/Terrain/Terrain_2_3_d60f4888-1a9f-4a4f-b7f9-720ca1505ee6.asset
  artifactKey: Guid(8382d0125b703964194c4d958edf255e) Importer(815301076,1909f56bfc062723c751e8b465ee728b)
Start importing Assets/Terrain/Terrain_2_3_d60f4888-1a9f-4a4f-b7f9-720ca1505ee6.asset using Guid(8382d0125b703964194c4d958edf255e) Importer(815301076,1909f56bfc062723c751e8b465ee728b)  -> (artifact id: '0aa731a5d0fb20aa90fbfdb45ce858e3') in 0.003816 seconds
Number of updated asset objects reloaded before import = 0
Number of asset objects unloaded after import = 1
========================================================================
Received Import Request.
  Time since last request: 0.000015 seconds.
  path: Assets/Terrain/Terrain_0_4_cbec72e1-9605-4a7c-9987-a941c700923e.asset
  artifactKey: Guid(8d47d02f4944f574585438f81f9d4228) Importer(815301076,1909f56bfc062723c751e8b465ee728b)
Start importing Assets/Terrain/Terrain_0_4_cbec72e1-9605-4a7c-9987-a941c700923e.asset using Guid(8d47d02f4944f574585438f81f9d4228) Importer(815301076,1909f56bfc062723c751e8b465ee728b)  -> (artifact id: '5cd5ccac36c425ee369d691f7a3df8d6') in 0.003505 seconds
Number of updated asset objects reloaded before import = 0
Number of asset objects unloaded after import = 1
========================================================================
Received Import Request.
  Time since last request: 0.000012 seconds.
  path: Assets/Terrain/Terrain_4_5_080c45e6-e58c-4e06-be5e-d6c3264ed67a.asset
  artifactKey: Guid(5aeee67d844a67c47b65b3f9ea9d2b12) Importer(815301076,1909f56bfc062723c751e8b465ee728b)
Start importing Assets/Terrain/Terrain_4_5_080c45e6-e58c-4e06-be5e-d6c3264ed67a.asset using Guid(5aeee67d844a67c47b65b3f9ea9d2b12) Importer(815301076,1909f56bfc062723c751e8b465ee728b)  -> (artifact id: '025d23f2e5b7b055a0c6a7ce0c34f125') in 0.003780 seconds
Number of updated asset objects reloaded before import = 0
Number of asset objects unloaded after import = 1
========================================================================
Received Import Request.
  Time since last request: 0.000013 seconds.
  path: Assets/Terrain/Terrain_1_5_1e4abbe0-599e-4521-b3a4-8111ab6059ce.asset
  artifactKey: Guid(4ce983e20a0e6b04db3aa2bdd9e11677) Importer(815301076,1909f56bfc062723c751e8b465ee728b)
Start importing Assets/Terrain/Terrain_1_5_1e4abbe0-599e-4521-b3a4-8111ab6059ce.asset using Guid(4ce983e20a0e6b04db3aa2bdd9e11677) Importer(815301076,1909f56bfc062723c751e8b465ee728b)  -> (artifact id: 'b2e5c8571135a7b2cfd1f602119949c9') in 0.004629 seconds
Number of updated asset objects reloaded before import = 0
Number of asset objects unloaded after import = 1
========================================================================
Received Import Request.
  Time since last request: 0.000012 seconds.
  path: Assets/Terrain/Terrain_1_12_e64beec0-3b8e-43ee-b4c4-2612ed7e3341.asset
  artifactKey: Guid(beb70d9dc53493b4dbc34046f4136390) Importer(815301076,1909f56bfc062723c751e8b465ee728b)
Start importing Assets/Terrain/Terrain_1_12_e64beec0-3b8e-43ee-b4c4-2612ed7e3341.asset using Guid(beb70d9dc53493b4dbc34046f4136390) Importer(815301076,1909f56bfc062723c751e8b465ee728b)  -> (artifact id: '3c508fc8a9c4792cadd09c51a6cf9746') in 0.004647 seconds
Number of updated asset objects reloaded before import = 0
Number of asset objects unloaded after import = 1
========================================================================
Received Import Request.
  Time since last request: 0.000016 seconds.
  path: Assets/Terrain/Terrain_4_8_51e5a6d3-2850-43bc-b97f-0b6588468012.asset
  artifactKey: Guid(07d88c8ef6e04dc4bba036536e540cd2) Importer(815301076,1909f56bfc062723c751e8b465ee728b)
Start importing Assets/Terrain/Terrain_4_8_51e5a6d3-2850-43bc-b97f-0b6588468012.asset using Guid(07d88c8ef6e04dc4bba036536e540cd2) Importer(815301076,1909f56bfc062723c751e8b465ee728b)  -> (artifact id: '01f9e83a994b6f842e0f30454bd76bb8') in 0.004803 seconds
Number of updated asset objects reloaded before import = 0
Number of asset objects unloaded after import = 1
========================================================================
Received Import Request.
  Time since last request: 0.000014 seconds.
  path: Assets/Terrain/Terrain_0_8_88786cba-8bf8-46d4-bc5a-f4e3a8a2bcba.asset
  artifactKey: Guid(f57b4e93fc2db7344a4ffed66fbcaf5a) Importer(815301076,1909f56bfc062723c751e8b465ee728b)
Start importing Assets/Terrain/Terrain_0_8_88786cba-8bf8-46d4-bc5a-f4e3a8a2bcba.asset using Guid(f57b4e93fc2db7344a4ffed66fbcaf5a) Importer(815301076,1909f56bfc062723c751e8b465ee728b)  -> (artifact id: '425263f5f64432ad90cfead81223b13e') in 0.004216 seconds
Number of updated asset objects reloaded before import = 0
Number of asset objects unloaded after import = 1
========================================================================
Received Import Request.
  Time since last request: 0.000017 seconds.
  path: Assets/Terrain/Terrain_0_11_7f07fbd3-7471-41d3-b8bb-2190c388bf1b.asset
  artifactKey: Guid(647a1d5002f3b444d9db0fbf87fc381c) Importer(815301076,1909f56bfc062723c751e8b465ee728b)
Start importing Assets/Terrain/Terrain_0_11_7f07fbd3-7471-41d3-b8bb-2190c388bf1b.asset using Guid(647a1d5002f3b444d9db0fbf87fc381c) Importer(815301076,1909f56bfc062723c751e8b465ee728b)  -> (artifact id: '87118a0eea5d6582368e1c0e048d4375') in 0.004001 seconds
Number of updated asset objects reloaded before import = 0
Number of asset objects unloaded after import = 1
Editor requested this worker to shutdown with reason: Scaling down because of idle timeout
TcpMessagingSession - receive error: operation aborted. errorcode: 995, details: Der E/A-Vorgang wurde wegen eines Threadendes oder einer Anwendungsanforderung abgebrochen.
AssetImportWorker is now disconnected from the server
Process exiting
Exiting without the bug reporter. Application will terminate with return code 0